2020-12-10 00:01:40,899 INFO [Test worker] o.s.b.t.c.SpringBootTestContextBootstrapper [AbstractTestContextBootstrapper.java:308] Neither @ContextConfiguration nor @ContextHierarchy found for test class [org.dell.kube.pagesapi.HomeApiTest], using SpringBootContextLoader
2020-12-10 00:01:40,925 INFO [Test worker] o.s.t.c.s.AbstractContextLoader [AbstractContextLoader.java:264] Could not detect default resource locations for test class [org.dell.kube.pagesapi.HomeApiTest]: no resource found for suffixes {-context.xml, Context.groovy}.
2020-12-10 00:01:41,130 INFO [Test worker] o.s.b.t.c.SpringBootTestContextBootstrapper [AbstractTestContextBootstrapper.java:248] Loaded default TestExecutionListener class names from location [META-INF/spring.factories]: [org.springframework.boot.test.autoconfigure.restdocs.RestDocsTestExecutionListener, org.springframework.boot.test.autoconfigure.web.client.MockRestServiceServerResetTestExecutionListener, org.springframework.boot.test.autoconfigure.web.servlet.MockMvcPrintOnlyOnFailureTestExecutionListener, org.springframework.boot.test.autoconfigure.web.servlet.WebDriverTestExecutionListener, org.springframework.boot.test.autoconfigure.webservices.client.MockWebServiceServerTestExecutionListener, org.springframework.boot.test.mock.mockito.MockitoTestExecutionListener, org.springframework.boot.test.mock.mockito.ResetMocksTestExecutionListener, org.springframework.test.context.web.ServletTestExecutionListener, org.springframework.test.context.support.DirtiesContextBeforeModesTestExecutionListener, org.springframework.test.context.support.DependencyInjectionTestExecutionListener, org.springframework.test.context.support.DirtiesContextTestExecutionListener, org.springframework.test.context.transaction.TransactionalTestExecutionListener, org.springframework.test.context.jdbc.SqlScriptsTestExecutionListener, org.springframework.test.context.event.EventPublishingTestExecutionListener]
2020-12-10 00:01:41,149 INFO [Test worker] o.s.b.t.c.SpringBootTestContextBootstrapper [AbstractTestContextBootstrapper.java:177] Using TestExecutionListeners: [org.springframework.test.context.web.ServletTestExecutionListener@f476c8a, org.springframework.test.context.support.DirtiesContextBeforeModesTestExecutionListener@a07e993, org.springframework.boot.test.mock.mockito.MockitoTestExecutionListener@152c7fad, org.springframework.boot.test.autoconfigure.SpringBootDependencyInjectionTestExecutionListener@55ee24fd, org.springframework.test.context.support.DirtiesContextTestExecutionListener@617931f6, org.springframework.test.context.transaction.TransactionalTestExecutionListener@5407173b, org.springframework.test.context.jdbc.SqlScriptsTestExecutionListener@2220cb01, org.springframework.test.context.event.EventPublishingTestExecutionListener@6cdca74, org.springframework.boot.test.autoconfigure.restdocs.RestDocsTestExecutionListener@2e13bdda, org.springframework.boot.test.autoconfigure.web.client.MockRestServiceServerResetTestExecutionListener@4241c9ec, org.springframework.boot.test.autoconfigure.web.servlet.MockMvcPrintOnlyOnFailureTestExecutionListener@661d6a66, org.springframework.boot.test.autoconfigure.web.servlet.WebDriverTestExecutionListener@eeb82bb, org.springframework.boot.test.autoconfigure.webservices.client.MockWebServiceServerTestExecutionListener@3da503d1, org.springframework.boot.test.mock.mockito.ResetMocksTestExecutionListener@7167a320]
2020-12-10 00:01:41,698 INFO [Test worker] o.d.k.p.HomeApiTest [StartupInfoLogger.java:55] Starting HomeApiTest on lin01 with PID 9515 (started by student in /home/student/workspace/pages)
2020-12-10 00:01:41,700 INFO [Test worker] o.d.k.p.HomeApiTest [SpringApplication.java:651] No active profile set, falling back to default profiles: default
2020-12-10 00:01:44,463 INFO [Test worker] o.s.b.w.e.t.TomcatWebServer [TomcatWebServer.java:108] Tomcat initialized with port(s): 0 (http)
2020-12-10 00:01:44,486 INFO [Test worker] o.a.c.h.Http11NioProtocol [DirectJDKLog.java:173] Initializing ProtocolHandler ["http-nio-auto-1"]
2020-12-10 00:01:44,489 INFO [Test worker] o.a.c.c.StandardService [DirectJDKLog.java:173] Starting service [Tomcat]
2020-12-10 00:01:44,491 INFO [Test worker] o.a.c.c.StandardEngine [DirectJDKLog.java:173] Starting Servlet engine: [Apache Tomcat/9.0.36]
2020-12-10 00:01:44,666 INFO [Test worker] o.a.c.c.C.[.[.[/] [DirectJDKLog.java:173] Initializing Spring embedded WebApplicationContext
2020-12-10 00:01:44,667 INFO [Test worker] o.s.b.w.s.c.ServletWebServerApplicationContext [ServletWebServerApplicationContext.java:285] Root WebApplicationContext: initialization completed in 2945 ms
2020-12-10 00:01:45,693 INFO [Test worker] o.s.s.c.ThreadPoolTaskExecutor [ExecutorConfigurationSupport.java:181] Initializing ExecutorService 'applicationTaskExecutor'
2020-12-10 00:01:46,467 INFO [Test worker] o.s.b.a.e.w.EndpointLinksResolver [EndpointLinksResolver.java:58] Exposing 2 endpoint(s) beneath base path '/actuator'
2020-12-10 00:01:46,547 INFO [Test worker] o.a.c.h.Http11NioProtocol [DirectJDKLog.java:173] Starting ProtocolHandler ["http-nio-auto-1"]
2020-12-10 00:01:46,600 INFO [Test worker] o.s.b.w.e.t.TomcatWebServer [TomcatWebServer.java:220] Tomcat started on port(s): 36731 (http) with context path ''
2020-12-10 00:01:46,620 INFO [Test worker] o.d.k.p.HomeApiTest [StartupInfoLogger.java:61] Started HomeApiTest in 5.419 seconds (JVM running for 7.108)
2020-12-10 00:01:47,237 INFO [http-nio-auto-1-exec-1] o.a.c.c.C.[.[.[/] [DirectJDKLog.java:173] Initializing Spring DispatcherServlet 'dispatcherServlet'
2020-12-10 00:01:47,239 INFO [http-nio-auto-1-exec-1] o.s.w.s.DispatcherServlet [FrameworkServlet.java:525] Initializing Servlet 'dispatcherServlet'
2020-12-10 00:01:47,259 INFO [http-nio-auto-1-exec-1] o.s.w.s.DispatcherServlet [FrameworkServlet.java:547] Completed initialization in 19 ms
2020-12-10 00:01:47,476 INFO [http-nio-auto-1-exec-2] c.z.h.HikariDataSource [HikariDataSource.java:110] HikariPool-1 - Starting...
2020-12-10 00:01:47,693 INFO [http-nio-auto-1-exec-2] c.z.h.HikariDataSource [HikariDataSource.java:123] HikariPool-1 - Start completed.
2020-12-10 00:01:47,797 INFO [Test worker] o.s.b.t.c.SpringBootTestContextBootstrapper [AbstractTestContextBootstrapper.java:308] Neither @ContextConfiguration nor @ContextHierarchy found for test class [org.dell.kube.pagesapi.PageApiTest], using SpringBootContextLoader
2020-12-10 00:01:47,807 INFO [Test worker] o.s.t.c.s.AbstractContextLoader [AbstractContextLoader.java:264] Could not detect default resource locations for test class [org.dell.kube.pagesapi.PageApiTest]: no resource found for suffixes {-context.xml, Context.groovy}.
2020-12-10 00:01:47,810 INFO [Test worker] o.s.b.t.c.SpringBootTestContextBootstrapper [AbstractTestContextBootstrapper.java:248] Loaded default TestExecutionListener class names from location [META-INF/spring.factories]: [org.springframework.boot.test.autoconfigure.restdocs.RestDocsTestExecutionListener, org.springframework.boot.test.autoconfigure.web.client.MockRestServiceServerResetTestExecutionListener, org.springframework.boot.test.autoconfigure.web.servlet.MockMvcPrintOnlyOnFailureTestExecutionListener, org.springframework.boot.test.autoconfigure.web.servlet.WebDriverTestExecutionListener, org.springframework.boot.test.autoconfigure.webservices.client.MockWebServiceServerTestExecutionListener, org.springframework.boot.test.mock.mockito.MockitoTestExecutionListener, org.springframework.boot.test.mock.mockito.ResetMocksTestExecutionListener, org.springframework.test.context.web.ServletTestExecutionListener, org.springframework.test.context.support.DirtiesContextBeforeModesTestExecutionListener, org.springframework.test.context.support.DependencyInjectionTestExecutionListener, org.springframework.test.context.support.DirtiesContextTestExecutionListener, org.springframework.test.context.transaction.TransactionalTestExecutionListener, org.springframework.test.context.jdbc.SqlScriptsTestExecutionListener, org.springframework.test.context.event.EventPublishingTestExecutionListener]
2020-12-10 00:01:47,811 INFO [Test worker] o.s.b.t.c.SpringBootTestContextBootstrapper [AbstractTestContextBootstrapper.java:177] Using TestExecutionListeners: [org.springframework.test.context.web.ServletTestExecutionListener@c6d3e63, org.springframework.test.context.support.DirtiesContextBeforeModesTestExecutionListener@699a896e, org.springframework.boot.test.mock.mockito.MockitoTestExecutionListener@40202dee, org.springframework.boot.test.autoconfigure.SpringBootDependencyInjectionTestExecutionListener@16b62e9d, org.springframework.test.context.support.DirtiesContextTestExecutionListener@734d840e, org.springframework.test.context.transaction.TransactionalTestExecutionListener@4e21b2f0, org.springframework.test.context.jdbc.SqlScriptsTestExecutionListener@f2fa987, org.springframework.test.context.event.EventPublishingTestExecutionListener@28caac39, org.springframework.boot.test.autoconfigure.restdocs.RestDocsTestExecutionListener@373830da, org.springframework.boot.test.autoconfigure.web.client.MockRestServiceServerResetTestExecutionListener@74cda2ff, org.springframework.boot.test.autoconfigure.web.servlet.MockMvcPrintOnlyOnFailureTestExecutionListener@6dc4e70, org.springframework.boot.test.autoconfigure.web.servlet.WebDriverTestExecutionListener@7b0a91f6, org.springframework.boot.test.autoconfigure.webservices.client.MockWebServiceServerTestExecutionListener@dc2d0ad, org.springframework.boot.test.mock.mockito.ResetMocksTestExecutionListener@148141b0]
2020-12-10 00:01:47,971 INFO [http-nio-auto-1-exec-3] o.d.k.p.PageController [PageController.java:21] CREATE-INFO:Creating a new page
2020-12-10 00:01:48,047 INFO [http-nio-auto-1-exec-3] o.d.k.p.PageController [PageController.java:24] CREATE-INFO:Created a new page with id = 1
2020-12-10 00:01:48,060 INFO [http-nio-auto-1-exec-4] o.d.k.p.PageController [PageController.java:42] LIST-INFO:Fetching all pages
2020-12-10 00:01:48,172 INFO [http-nio-auto-1-exec-5] o.d.k.p.PageController [PageController.java:21] CREATE-INFO:Creating a new page
2020-12-10 00:01:48,182 INFO [http-nio-auto-1-exec-5] o.d.k.p.PageController [PageController.java:24] CREATE-INFO:Created a new page with id = 1
2020-12-10 00:01:48,210 INFO [http-nio-auto-1-exec-6] o.d.k.p.PageController [PageController.java:30] READ-INFO:Fetching page with id = 1
2020-12-10 00:01:48,271 INFO [http-nio-auto-1-exec-7] o.d.k.p.PageController [PageController.java:21] CREATE-INFO:Creating a new page
2020-12-10 00:01:48,281 INFO [http-nio-auto-1-exec-7] o.d.k.p.PageController [PageController.java:24] CREATE-INFO:Created a new page with id = 1
2020-12-10 00:01:48,341 INFO [http-nio-auto-1-exec-8] o.d.k.p.PageController [PageController.java:21] CREATE-INFO:Creating a new page
2020-12-10 00:01:48,351 INFO [http-nio-auto-1-exec-8] o.d.k.p.PageController [PageController.java:24] CREATE-INFO:Created a new page with id = 1
2020-12-10 00:01:48,362 INFO [http-nio-auto-1-exec-9] o.d.k.p.PageController [PageController.java:64] DELETE-INFO:Deleting the page with id = 1
2020-12-10 00:01:48,376 INFO [http-nio-auto-1-exec-9] o.d.k.p.PageController [PageController.java:67] DELETE-INFO:Deleted the page with id = 1
2020-12-10 00:01:48,383 INFO [http-nio-auto-1-exec-9] o.d.k.p.PageController [PageController.java:30] READ-INFO:Fetching page with id = 1
2020-12-10 00:01:48,385 ERROR [http-nio-auto-1-exec-9] o.d.k.p.PageController [PageController.java:36] READ-ERROR:Could not find page with id = 1
2020-12-10 00:01:48,441 INFO [http-nio-auto-1-exec-10] o.d.k.p.PageController [PageController.java:21] CREATE-INFO:Creating a new page
2020-12-10 00:01:48,452 INFO [http-nio-auto-1-exec-10] o.d.k.p.PageController [PageController.java:24] CREATE-INFO:Created a new page with id = 1
2020-12-10 00:01:48,461 INFO [http-nio-auto-1-exec-1] o.d.k.p.PageController [PageController.java:49] UPDATE-INFO:Updating the page with id = 1
2020-12-10 00:01:48,471 INFO [http-nio-auto-1-exec-1] o.d.k.p.PageController [PageController.java:53] UPDATE-INFO:Updated the page with id = 1
2020-12-10 00:01:48,484 INFO [Test worker] o.s.b.t.c.SpringBootTestContextBootstrapper [AbstractTestContextBootstrapper.java:308] Neither @ContextConfiguration nor @ContextHierarchy found for test class [org.dell.kube.pages.MySqlPageRepositoryTest], using SpringBootContextLoader
2020-12-10 00:01:48,487 INFO [Test worker] o.s.t.c.s.AbstractContextLoader [AbstractContextLoader.java:264] Could not detect default resource locations for test class [org.dell.kube.pages.MySqlPageRepositoryTest]: no resource found for suffixes {-context.xml, Context.groovy}.
2020-12-10 00:01:48,489 INFO [Test worker] o.s.t.c.s.AnnotationConfigContextLoaderUtils [AnnotationConfigContextLoaderUtils.java:83] Could not detect default configuration classes for test class [org.dell.kube.pages.MySqlPageRepositoryTest]: MySqlPageRepositoryTest does not declare any static, non-private, non-final, nested classes annotated with @Configuration.
2020-12-10 00:01:48,498 INFO [Test worker] o.s.b.t.c.SpringBootTestContextBootstrapper [SpringBootTestContextBootstrapper.java:237] Found @SpringBootConfiguration org.dell.kube.pages.PageApplication for test class org.dell.kube.pages.MySqlPageRepositoryTest
2020-12-10 00:01:48,501 INFO [Test worker] o.s.b.t.c.SpringBootTestContextBootstrapper [AbstractTestContextBootstrapper.java:248] Loaded default TestExecutionListener class names from location [META-INF/spring.factories]: [org.springframework.boot.test.autoconfigure.restdocs.RestDocsTestExecutionListener, org.springframework.boot.test.autoconfigure.web.client.MockRestServiceServerResetTestExecutionListener, org.springframework.boot.test.autoconfigure.web.servlet.MockMvcPrintOnlyOnFailureTestExecutionListener, org.springframework.boot.test.autoconfigure.web.servlet.WebDriverTestExecutionListener, org.springframework.boot.test.autoconfigure.webservices.client.MockWebServiceServerTestExecutionListener, org.springframework.boot.test.mock.mockito.MockitoTestExecutionListener, org.springframework.boot.test.mock.mockito.ResetMocksTestExecutionListener, org.springframework.test.context.web.ServletTestExecutionListener, org.springframework.test.context.support.DirtiesContextBeforeModesTestExecutionListener, org.springframework.test.context.support.DependencyInjectionTestExecutionListener, org.springframework.test.context.support.DirtiesContextTestExecutionListener, org.springframework.test.context.transaction.TransactionalTestExecutionListener, org.springframework.test.context.jdbc.SqlScriptsTestExecutionListener, org.springframework.test.context.event.EventPublishingTestExecutionListener]
2020-12-10 00:01:48,502 INFO [Test worker] o.s.b.t.c.SpringBootTestContextBootstrapper [AbstractTestContextBootstrapper.java:177] Using TestExecutionListeners: [org.springframework.test.context.web.ServletTestExecutionListener@5fbf773e, org.springframework.test.context.support.DirtiesContextBeforeModesTestExecutionListener@1a1c61a2, org.springframework.boot.test.mock.mockito.MockitoTestExecutionListener@5ece0c2, org.springframework.boot.test.autoconfigure.SpringBootDependencyInjectionTestExecutionListener@33864386, org.springframework.test.context.support.DirtiesContextTestExecutionListener@17a4c44f, org.springframework.test.context.transaction.TransactionalTestExecutionListener@6ecca668, org.springframework.test.context.jdbc.SqlScriptsTestExecutionListener@cc4b183, org.springframework.test.context.event.EventPublishingTestExecutionListener@d5f49ee, org.springframework.boot.test.autoconfigure.restdocs.RestDocsTestExecutionListener@3ce862b6, org.springframework.boot.test.autoconfigure.web.client.MockRestServiceServerResetTestExecutionListener@371c6ca5, org.springframework.boot.test.autoconfigure.web.servlet.MockMvcPrintOnlyOnFailureTestExecutionListener@1efd9b6c, org.springframework.boot.test.autoconfigure.web.servlet.WebDriverTestExecutionListener@699ab164, org.springframework.boot.test.autoconfigure.webservices.client.MockWebServiceServerTestExecutionListener@16989333, org.springframework.boot.test.mock.mockito.ResetMocksTestExecutionListener@42b5bc01]
2020-12-10 00:01:48,559 INFO [Test worker] o.d.k.p.MySqlPageRepositoryTest [StartupInfoLogger.java:55] Starting MySqlPageRepositoryTest on lin01 with PID 9515 (started by student in /home/student/workspace/pages)
2020-12-10 00:01:48,560 INFO [Test worker] o.d.k.p.MySqlPageRepositoryTest [SpringApplication.java:651] No active profile set, falling back to default profiles: default
2020-12-10 00:01:49,565 INFO [Test worker] o.s.s.c.ThreadPoolTaskExecutor [ExecutorConfigurationSupport.java:181] Initializing ExecutorService 'applicationTaskExecutor'
2020-12-10 00:01:49,924 INFO [Test worker] o.s.b.a.e.w.EndpointLinksResolver [EndpointLinksResolver.java:58] Exposing 2 endpoint(s) beneath base path '/actuator'
2020-12-10 00:01:49,977 INFO [Test worker] o.d.k.p.MySqlPageRepositoryTest [StartupInfoLogger.java:61] Started MySqlPageRepositoryTest in 1.461 seconds (JVM running for 10.466)
2020-12-10 00:01:49,998 INFO [Test worker] c.z.h.HikariDataSource [HikariDataSource.java:110] HikariPool-2 - Starting...
2020-12-10 00:01:50,009 INFO [Test worker] c.z.h.HikariDataSource [HikariDataSource.java:123] HikariPool-2 - Start completed.
2020-12-10 00:01:50,705 INFO [Test worker] o.d.k.p.PageController [PageController.java:42] LIST-INFO:Fetching all pages
2020-12-10 00:01:50,728 INFO [Test worker] o.d.k.p.PageController [PageController.java:30] READ-INFO:Fetching page with id = 1
2020-12-10 00:01:50,732 INFO [Test worker] o.d.k.p.PageController [PageController.java:30] READ-INFO:Fetching page with id = 1
2020-12-10 00:01:50,733 ERROR [Test worker] o.d.k.p.PageController [PageController.java:36] READ-ERROR:Could not find page with id = 1
2020-12-10 00:01:50,739 INFO [Test worker] o.d.k.p.PageController [PageController.java:49] UPDATE-INFO:Updating the page with id = 1
2020-12-10 00:01:50,741 ERROR [Test worker] o.d.k.p.PageController [PageController.java:58] UPDATE-ERROR:Could not update the page with id = 1
2020-12-10 00:01:50,743 INFO [Test worker] o.d.k.p.PageController [PageController.java:21] CREATE-INFO:Creating a new page
2020-12-10 00:01:50,744 INFO [Test worker] o.d.k.p.PageController [PageController.java:24] CREATE-INFO:Created a new page with id = 1
2020-12-10 00:01:50,746 INFO [Test worker] o.d.k.p.PageController [PageController.java:64] DELETE-INFO:Deleting the page with id = 1
2020-12-10 00:01:50,747 INFO [Test worker] o.d.k.p.PageController [PageController.java:67] DELETE-INFO:Deleted the page with id = 1
2020-12-10 00:01:50,750 INFO [Test worker] o.d.k.p.PageController [PageController.java:49] UPDATE-INFO:Updating the page with id = 1
2020-12-10 00:01:50,750 INFO [Test worker] o.d.k.p.PageController [PageController.java:53] UPDATE-INFO:Updated the page with id = 1
2020-12-10 00:01:50,792 INFO [SpringContextShutdownHook] o.s.s.c.ThreadPoolTaskExecutor [ExecutorConfigurationSupport.java:218] Shutting down ExecutorService 'applicationTaskExecutor'
2020-12-10 00:01:50,805 INFO [SpringContextShutdownHook] c.z.h.HikariDataSource [HikariDataSource.java:350] HikariPool-2 - Shutdown initiated...
2020-12-10 00:01:50,842 INFO [SpringContextShutdownHook] o.s.s.c.ThreadPoolTaskExecutor [ExecutorConfigurationSupport.java:218] Shutting down ExecutorService 'applicationTaskExecutor'
2020-12-10 00:01:50,844 INFO [SpringContextShutdownHook] c.z.h.HikariDataSource [HikariDataSource.java:350] HikariPool-1 - Shutdown initiated...
2020-12-10 00:01:50,858 INFO [SpringContextShutdownHook] c.z.h.HikariDataSource [HikariDataSource.java:352] HikariPool-2 - Shutdown completed.
2020-12-10 00:01:50,866 INFO [SpringContextShutdownHook] c.z.h.HikariDataSource [HikariDataSource.java:352] HikariPool-1 - Shutdown completed.
2020-12-10 00:02:10,095 INFO [main] o.d.k.p.PageApplication [StartupInfoLogger.java:55] Starting PageApplication on lin01 with PID 10163 (/home/student/workspace/pages/build/classes/java/main started by student in /home/student/workspace/pages)
2020-12-10 00:02:10,099 INFO [main] o.d.k.p.PageApplication [SpringApplication.java:651] No active profile set, falling back to default profiles: default
2020-12-10 00:02:11,513 INFO [main] o.s.b.w.e.t.TomcatWebServer [TomcatWebServer.java:108] Tomcat initialized with port(s): 8080 (http)
2020-12-10 00:02:11,528 INFO [main] o.a.c.h.Http11NioProtocol [DirectJDKLog.java:173] Initializing ProtocolHandler ["http-nio-8080"]
2020-12-10 00:02:11,529 INFO [main] o.a.c.c.StandardService [DirectJDKLog.java:173] Starting service [Tomcat]
2020-12-10 00:02:11,529 INFO [main] o.a.c.c.StandardEngine [DirectJDKLog.java:173] Starting Servlet engine: [Apache Tomcat/9.0.36]
2020-12-10 00:02:11,599 INFO [main] o.a.c.c.C.[.[.[/] [DirectJDKLog.java:173] Initializing Spring embedded WebApplicationContext
2020-12-10 00:02:11,600 INFO [main] o.s.b.w.s.c.ServletWebServerApplicationContext [ServletWebServerApplicationContext.java:285] Root WebApplicationContext: initialization completed in 1453 ms
2020-12-10 00:02:11,953 INFO [main] o.s.s.c.ThreadPoolTaskExecutor [ExecutorConfigurationSupport.java:181] Initializing ExecutorService 'applicationTaskExecutor'
2020-12-10 00:02:12,184 INFO [main] o.s.b.a.e.w.EndpointLinksResolver [EndpointLinksResolver.java:58] Exposing 2 endpoint(s) beneath base path '/actuator'
2020-12-10 00:02:12,206 INFO [main] o.a.c.h.Http11NioProtocol [DirectJDKLog.java:173] Starting ProtocolHandler ["http-nio-8080"]
2020-12-10 00:02:12,247 INFO [main] o.s.b.w.e.t.TomcatWebServer [TomcatWebServer.java:220] Tomcat started on port(s): 8080 (http) with context path ''
2020-12-10 00:02:12,271 INFO [main] o.d.k.p.PageApplication [StartupInfoLogger.java:61] Started PageApplication in 2.556 seconds (JVM running for 3.143)
2020-12-10 00:02:23,116 INFO [http-nio-8080-exec-1] o.a.c.c.C.[.[.[/] [DirectJDKLog.java:173] Initializing Spring DispatcherServlet 'dispatcherServlet'
2020-12-10 00:02:23,117 INFO [http-nio-8080-exec-1] o.s.w.s.DispatcherServlet [FrameworkServlet.java:525] Initializing Servlet 'dispatcherServlet'
2020-12-10 00:02:23,124 INFO [http-nio-8080-exec-1] o.s.w.s.DispatcherServlet [FrameworkServlet.java:547] Completed initialization in 6 ms
2020-12-10 00:02:23,148 INFO [http-nio-8080-exec-1] o.d.k.p.PageController [PageController.java:42] LIST-INFO:Fetching all pages
2020-12-10 00:02:23,165 INFO [http-nio-8080-exec-1] c.z.h.HikariDataSource [HikariDataSource.java:110] HikariPool-1 - Starting...
2020-12-10 00:02:23,289 INFO [http-nio-8080-exec-1] c.z.h.HikariDataSource [HikariDataSource.java:123] HikariPool-1 - Start completed.
2020-12-10 00:03:18,552 INFO [http-nio-8080-exec-2] o.d.k.p.PageController [PageController.java:21] CREATE-INFO:Creating a new page
2020-12-10 00:03:18,578 INFO [http-nio-8080-exec-2] o.d.k.p.PageController [PageController.java:24] CREATE-INFO:Created a new page with id = 1002
2020-12-10 00:06:41,172 INFO [SpringContextShutdownHook] o.s.s.c.ThreadPoolTaskExecutor [ExecutorConfigurationSupport.java:218] Shutting down ExecutorService 'applicationTaskExecutor'
2020-12-10 00:06:41,173 INFO [SpringContextShutdownHook] c.z.h.HikariDataSource [HikariDataSource.java:350] HikariPool-1 - Shutdown initiated...
2020-12-10 00:06:41,195 INFO [SpringContextShutdownHook] c.z.h.HikariDataSource [HikariDataSource.java:352] HikariPool-1 - Shutdown completed.
